[34m2022-10-17 12:02:07.724[0;39m [31m[][0;39m [32m[restartedMain][0;39m [34mINFO [0;39m [1;35medge.droid.server.ServerApplication[0;39m - Starting ServerApplication using Java 17.0.1 on junjideMacBook-Pro.local with PID 53536 (/Users/junji/Deck/gateway/target/classes started by junji in /Users/junji/Deck/gateway)
[34m2022-10-17 12:02:07.725[0;39m [31m[][0;39m [32m[restartedMain][0;39m [34mINFO [0;39m [1;35medge.droid.server.ServerApplication[0;39m - No active profile set, falling back to default profiles: default
[34m2022-10-17 12:02:07.742[0;39m [31m[][0;39m [32m[restartedMain][0;39m [34mINFO [0;39m [1;35mo.s.boot.devtools.restart.ChangeableUrls[0;39m - The Class-Path manifest attribute in /Users/junji/.m2/repository/org/soot-oss/soot/4.2.1/soot-4.2.1.jar referenced one or more files that do not exist: file:/Users/junji/.m2/repository/org/soot-oss/soot/4.2.1/commons-io-2.6.jar,file:/Users/junji/.m2/repository/org/soot-oss/soot/4.2.1/dexlib2-2.4.0.jar,file:/Users/junji/.m2/repository/org/soot-oss/soot/4.2.1/jsr305-1.3.9.jar,file:/Users/junji/.m2/repository/org/soot-oss/soot/4.2.1/guava-27.1-android.jar,file:/Users/junji/.m2/repository/org/soot-oss/soot/4.2.1/failureaccess-1.0.1.jar,file:/Users/junji/.m2/repository/org/soot-oss/soot/4.2.1/listenablefuture-9999.0-empty-to-avoid-conflict-with-guava.jar,file:/Users/junji/.m2/repository/org/soot-oss/soot/4.2.1/checker-compat-qual-2.5.2.jar,file:/Users/junji/.m2/repository/org/soot-oss/soot/4.2.1/error_prone_annotations-2.2.0.jar,file:/Users/junji/.m2/repository/org/soot-oss/soot/4.2.1/j2objc-annotations-1.1.jar,file:/Users/junji/.m2/repository/org/soot-oss/soot/4.2.1/animal-sniffer-annotations-1.17.jar,file:/Users/junji/.m2/repository/org/soot-oss/soot/4.2.1/asm-8.0.1.jar,file:/Users/junji/.m2/repository/org/soot-oss/soot/4.2.1/asm-tree-8.0.1.jar,file:/Users/junji/.m2/repository/org/soot-oss/soot/4.2.1/asm-util-8.0.1.jar,file:/Users/junji/.m2/repository/org/soot-oss/soot/4.2.1/asm-analysis-8.0.1.jar,file:/Users/junji/.m2/repository/org/soot-oss/soot/4.2.1/asm-commons-8.0.1.jar,file:/Users/junji/.m2/repository/org/soot-oss/soot/4.2.1/xmlpull-1.1.3.4d_b4_min.jar,file:/Users/junji/.m2/repository/org/soot-oss/soot/4.2.1/axml-2.0.0.jar,file:/Users/junji/.m2/repository/org/soot-oss/soot/4.2.1/polyglot-2006.jar,file:/Users/junji/.m2/repository/org/soot-oss/soot/4.2.1/heros-1.2.2.jar,file:/Users/junji/.m2/repository/org/soot-oss/soot/4.2.1/functionaljava-4.2.jar,file:/Users/junji/.m2/repository/org/soot-oss/soot/4.2.1/jasmin-3.0.2.jar,file:/Users/junji/.m2/repository/org/soot-oss/soot/4.2.1/java_cup-0.9.2.jar,file:/Users/junji/.m2/repository/org/soot-oss/soot/4.2.1/slf4j-api-1.7.5.jar,file:/Users/junji/.m2/repository/org/soot-oss/soot/4.2.1/slf4j-simple-1.7.5.jar,file:/Users/junji/.m2/repository/org/soot-oss/soot/4.2.1/javax.annotation-api-1.3.2.jar,file:/Users/junji/.m2/repository/org/soot-oss/soot/4.2.1/jaxb-api-2.4.0-b180725.0427.jar,file:/Users/junji/.m2/repository/org/soot-oss/soot/4.2.1/javax.activation-api-1.2.0.jar,file:/Users/junji/.m2/repository/org/soot-oss/soot/4.2.1/jaxb-runtime-2.4.0-b180830.0438.jar,file:/Users/junji/.m2/repository/org/soot-oss/soot/4.2.1/txw2-2.4.0-b180830.0438.jar,file:/Users/junji/.m2/repository/org/soot-oss/soot/4.2.1/istack-commons-runtime-3.0.7.jar,file:/Users/junji/.m2/repository/org/soot-oss/soot/4.2.1/stax-ex-1.8.jar,file:/Users/junji/.m2/repository/org/soot-oss/soot/4.2.1/FastInfoset-1.2.15.jar
[34m2022-10-17 12:02:07.742[0;39m [31m[][0;39m [32m[restartedMain][0;39m [34mINFO [0;39m [1;35mo.s.b.d.env.DevToolsPropertyDefaultsPostProcessor[0;39m - Devtools property defaults active! Set 'spring.devtools.add-properties' to 'false' to disable
[34m2022-10-17 12:02:07.742[0;39m [31m[][0;39m [32m[restartedMain][0;39m [34mINFO [0;39m [1;35mo.s.b.d.env.DevToolsPropertyDefaultsPostProcessor[0;39m - For additional web related logging consider setting the 'logging.level.web' property to 'DEBUG'
[34m2022-10-17 12:02:07.961[0;39m [31m[][0;39m [32m[restartedMain][0;39m [34mINFO [0;39m [1;35mo.s.d.r.config.RepositoryConfigurationDelegate[0;39m - Multiple Spring Data modules found, entering strict repository configuration mode!
[34m2022-10-17 12:02:07.962[0;39m [31m[][0;39m [32m[restartedMain][0;39m [34mINFO [0;39m [1;35mo.s.d.r.config.RepositoryConfigurationDelegate[0;39m - Bootstrapping Spring Data Redis repositories in DEFAULT mode.
[34m2022-10-17 12:02:07.974[0;39m [31m[][0;39m [32m[restartedMain][0;39m [34mINFO [0;39m [1;35mo.s.d.r.config.RepositoryConfigurationDelegate[0;39m - Finished Spring Data repository scanning in 6 ms. Found 0 Redis repository interfaces.
[34m2022-10-17 12:02:08.251[0;39m [31m[][0;39m [32m[restartedMain][0;39m [34mINFO [0;39m [1;35mo.s.boot.web.embedded.tomcat.TomcatWebServer[0;39m - Tomcat initialized with port(s): 9999 (http)
[34m2022-10-17 12:02:08.255[0;39m [31m[][0;39m [32m[restartedMain][0;39m [34mINFO [0;39m [1;35morg.apache.coyote.http11.Http11NioProtocol[0;39m - Initializing ProtocolHandler ["http-nio-9999"]
[34m2022-10-17 12:02:08.256[0;39m [31m[][0;39m [32m[restartedMain][0;39m [34mINFO [0;39m [1;35morg.apache.catalina.core.StandardService[0;39m - Starting service [Tomcat]
[34m2022-10-17 12:02:08.256[0;39m [31m[][0;39m [32m[restartedMain][0;39m [34mINFO [0;39m [1;35morg.apache.catalina.core.StandardEngine[0;39m - Starting Servlet engine: [Apache Tomcat/9.0.45]
[34m2022-10-17 12:02:08.288[0;39m [31m[][0;39m [32m[restartedMain][0;39m [34mINFO [0;39m [1;35mo.a.c.core.ContainerBase.[Tomcat].[localhost].[/][0;39m - Initializing Spring embedded WebApplicationContext
[34m2022-10-17 12:02:08.289[0;39m [31m[][0;39m [32m[restartedMain][0;39m [34mINFO [0;39m [1;35mo.s.b.w.s.c.ServletWebServerApplicationContext[0;39m - Root WebApplicationContext: initialization completed in 546 ms
[34m2022-10-17 12:02:08.559[0;39m [31m[][0;39m [32m[restartedMain][0;39m [34mINFO [0;39m [1;35mo.s.scheduling.concurrent.ThreadPoolTaskExecutor[0;39m - Initializing ExecutorService 'applicationTaskExecutor'
[34m2022-10-17 12:02:08.703[0;39m [31m[][0;39m [32m[restartedMain][0;39m [34mINFO [0;39m [1;35mo.s.b.d.autoconfigure.OptionalLiveReloadServer[0;39m - LiveReload server is running on port 35729
[34m2022-10-17 12:02:08.715[0;39m [31m[][0;39m [32m[restartedMain][0;39m [34mINFO [0;39m [1;35morg.apache.coyote.http11.Http11NioProtocol[0;39m - Starting ProtocolHandler ["http-nio-9999"]
[34m2022-10-17 12:02:08.722[0;39m [31m[][0;39m [32m[restartedMain][0;39m [34mINFO [0;39m [1;35mo.s.boot.web.embedded.tomcat.TomcatWebServer[0;39m - Tomcat started on port(s): 9999 (http) with context path ''
[34m2022-10-17 12:02:08.728[0;39m [31m[][0;39m [32m[restartedMain][0;39m [34mINFO [0;39m [1;35medge.droid.server.ServerApplication[0;39m - Started ServerApplication in 1.152 seconds (JVM running for 1.611)
[34m2022-10-17 12:02:50.617[0;39m [31m[][0;39m [32m[SpringContextShutdownHook][0;39m [34mINFO [0;39m [1;35mo.s.scheduling.concurrent.ThreadPoolTaskExecutor[0;39m - Shutting down ExecutorService 'applicationTaskExecutor'
[34m2022-10-17 22:07:59.560[0;39m [31m[][0;39m [32m[restartedMain][0;39m [34mINFO [0;39m [1;35medge.droid.server.ServerApplication[0;39m - Starting ServerApplication using Java 17.0.1 on junjideMacBook-Pro.local with PID 60603 (/Users/junji/Deck/gateway/target/classes started by junji in /Users/junji/Deck/gateway)
[34m2022-10-17 22:07:59.562[0;39m [31m[][0;39m [32m[restartedMain][0;39m [34mINFO [0;39m [1;35medge.droid.server.ServerApplication[0;39m - No active profile set, falling back to default profiles: default
[34m2022-10-17 22:07:59.580[0;39m [31m[][0;39m [32m[restartedMain][0;39m [34mINFO [0;39m [1;35mo.s.boot.devtools.restart.ChangeableUrls[0;39m - The Class-Path manifest attribute in /Users/junji/.m2/repository/org/soot-oss/soot/4.2.1/soot-4.2.1.jar referenced one or more files that do not exist: file:/Users/junji/.m2/repository/org/soot-oss/soot/4.2.1/commons-io-2.6.jar,file:/Users/junji/.m2/repository/org/soot-oss/soot/4.2.1/dexlib2-2.4.0.jar,file:/Users/junji/.m2/repository/org/soot-oss/soot/4.2.1/jsr305-1.3.9.jar,file:/Users/junji/.m2/repository/org/soot-oss/soot/4.2.1/guava-27.1-android.jar,file:/Users/junji/.m2/repository/org/soot-oss/soot/4.2.1/failureaccess-1.0.1.jar,file:/Users/junji/.m2/repository/org/soot-oss/soot/4.2.1/listenablefuture-9999.0-empty-to-avoid-conflict-with-guava.jar,file:/Users/junji/.m2/repository/org/soot-oss/soot/4.2.1/checker-compat-qual-2.5.2.jar,file:/Users/junji/.m2/repository/org/soot-oss/soot/4.2.1/error_prone_annotations-2.2.0.jar,file:/Users/junji/.m2/repository/org/soot-oss/soot/4.2.1/j2objc-annotations-1.1.jar,file:/Users/junji/.m2/repository/org/soot-oss/soot/4.2.1/animal-sniffer-annotations-1.17.jar,file:/Users/junji/.m2/repository/org/soot-oss/soot/4.2.1/asm-8.0.1.jar,file:/Users/junji/.m2/repository/org/soot-oss/soot/4.2.1/asm-tree-8.0.1.jar,file:/Users/junji/.m2/repository/org/soot-oss/soot/4.2.1/asm-util-8.0.1.jar,file:/Users/junji/.m2/repository/org/soot-oss/soot/4.2.1/asm-analysis-8.0.1.jar,file:/Users/junji/.m2/repository/org/soot-oss/soot/4.2.1/asm-commons-8.0.1.jar,file:/Users/junji/.m2/repository/org/soot-oss/soot/4.2.1/xmlpull-1.1.3.4d_b4_min.jar,file:/Users/junji/.m2/repository/org/soot-oss/soot/4.2.1/axml-2.0.0.jar,file:/Users/junji/.m2/repository/org/soot-oss/soot/4.2.1/polyglot-2006.jar,file:/Users/junji/.m2/repository/org/soot-oss/soot/4.2.1/heros-1.2.2.jar,file:/Users/junji/.m2/repository/org/soot-oss/soot/4.2.1/functionaljava-4.2.jar,file:/Users/junji/.m2/repository/org/soot-oss/soot/4.2.1/jasmin-3.0.2.jar,file:/Users/junji/.m2/repository/org/soot-oss/soot/4.2.1/java_cup-0.9.2.jar,file:/Users/junji/.m2/repository/org/soot-oss/soot/4.2.1/slf4j-api-1.7.5.jar,file:/Users/junji/.m2/repository/org/soot-oss/soot/4.2.1/slf4j-simple-1.7.5.jar,file:/Users/junji/.m2/repository/org/soot-oss/soot/4.2.1/javax.annotation-api-1.3.2.jar,file:/Users/junji/.m2/repository/org/soot-oss/soot/4.2.1/jaxb-api-2.4.0-b180725.0427.jar,file:/Users/junji/.m2/repository/org/soot-oss/soot/4.2.1/javax.activation-api-1.2.0.jar,file:/Users/junji/.m2/repository/org/soot-oss/soot/4.2.1/jaxb-runtime-2.4.0-b180830.0438.jar,file:/Users/junji/.m2/repository/org/soot-oss/soot/4.2.1/txw2-2.4.0-b180830.0438.jar,file:/Users/junji/.m2/repository/org/soot-oss/soot/4.2.1/istack-commons-runtime-3.0.7.jar,file:/Users/junji/.m2/repository/org/soot-oss/soot/4.2.1/stax-ex-1.8.jar,file:/Users/junji/.m2/repository/org/soot-oss/soot/4.2.1/FastInfoset-1.2.15.jar
[34m2022-10-17 22:07:59.580[0;39m [31m[][0;39m [32m[restartedMain][0;39m [34mINFO [0;39m [1;35mo.s.b.d.env.DevToolsPropertyDefaultsPostProcessor[0;39m - Devtools property defaults active! Set 'spring.devtools.add-properties' to 'false' to disable
[34m2022-10-17 22:07:59.580[0;39m [31m[][0;39m [32m[restartedMain][0;39m [34mINFO [0;39m [1;35mo.s.b.d.env.DevToolsPropertyDefaultsPostProcessor[0;39m - For additional web related logging consider setting the 'logging.level.web' property to 'DEBUG'
[34m2022-10-17 22:07:59.815[0;39m [31m[][0;39m [32m[restartedMain][0;39m [34mINFO [0;39m [1;35mo.s.d.r.config.RepositoryConfigurationDelegate[0;39m - Multiple Spring Data modules found, entering strict repository configuration mode!
[34m2022-10-17 22:07:59.816[0;39m [31m[][0;39m [32m[restartedMain][0;39m [34mINFO [0;39m [1;35mo.s.d.r.config.RepositoryConfigurationDelegate[0;39m - Bootstrapping Spring Data Redis repositories in DEFAULT mode.
[34m2022-10-17 22:07:59.828[0;39m [31m[][0;39m [32m[restartedMain][0;39m [34mINFO [0;39m [1;35mo.s.d.r.config.RepositoryConfigurationDelegate[0;39m - Finished Spring Data repository scanning in 6 ms. Found 0 Redis repository interfaces.
[34m2022-10-17 22:08:00.099[0;39m [31m[][0;39m [32m[restartedMain][0;39m [34mINFO [0;39m [1;35mo.s.boot.web.embedded.tomcat.TomcatWebServer[0;39m - Tomcat initialized with port(s): 9999 (http)
[34m2022-10-17 22:08:00.103[0;39m [31m[][0;39m [32m[restartedMain][0;39m [34mINFO [0;39m [1;35morg.apache.coyote.http11.Http11NioProtocol[0;39m - Initializing ProtocolHandler ["http-nio-9999"]
[34m2022-10-17 22:08:00.103[0;39m [31m[][0;39m [32m[restartedMain][0;39m [34mINFO [0;39m [1;35morg.apache.catalina.core.StandardService[0;39m - Starting service [Tomcat]
[34m2022-10-17 22:08:00.103[0;39m [31m[][0;39m [32m[restartedMain][0;39m [34mINFO [0;39m [1;35morg.apache.catalina.core.StandardEngine[0;39m - Starting Servlet engine: [Apache Tomcat/9.0.45]
[34m2022-10-17 22:08:00.133[0;39m [31m[][0;39m [32m[restartedMain][0;39m [34mINFO [0;39m [1;35mo.a.c.core.ContainerBase.[Tomcat].[localhost].[/][0;39m - Initializing Spring embedded WebApplicationContext
[34m2022-10-17 22:08:00.133[0;39m [31m[][0;39m [32m[restartedMain][0;39m [34mINFO [0;39m [1;35mo.s.b.w.s.c.ServletWebServerApplicationContext[0;39m - Root WebApplicationContext: initialization completed in 553 ms
[34m2022-10-17 22:08:00.387[0;39m [31m[][0;39m [32m[restartedMain][0;39m [34mINFO [0;39m [1;35mo.s.scheduling.concurrent.ThreadPoolTaskExecutor[0;39m - Initializing ExecutorService 'applicationTaskExecutor'
[34m2022-10-17 22:08:00.550[0;39m [31m[][0;39m [32m[restartedMain][0;39m [34mINFO [0;39m [1;35mo.s.b.d.autoconfigure.OptionalLiveReloadServer[0;39m - LiveReload server is running on port 35729
[34m2022-10-17 22:08:00.562[0;39m [31m[][0;39m [32m[restartedMain][0;39m [34mINFO [0;39m [1;35morg.apache.coyote.http11.Http11NioProtocol[0;39m - Starting ProtocolHandler ["http-nio-9999"]
[34m2022-10-17 22:08:00.569[0;39m [31m[][0;39m [32m[restartedMain][0;39m [34mINFO [0;39m [1;35mo.s.boot.web.embedded.tomcat.TomcatWebServer[0;39m - Tomcat started on port(s): 9999 (http) with context path ''
[34m2022-10-17 22:08:00.575[0;39m [31m[][0;39m [32m[restartedMain][0;39m [34mINFO [0;39m [1;35medge.droid.server.ServerApplication[0;39m - Started ServerApplication in 1.171 seconds (JVM running for 1.636)
[34m2022-10-17 22:11:21.078[0;39m [31m[][0;39m [32m[http-nio-9999-exec-1][0;39m [34mINFO [0;39m [1;35mo.a.c.core.ContainerBase.[Tomcat].[localhost].[/][0;39m - Initializing Spring DispatcherServlet 'dispatcherServlet'
[34m2022-10-17 22:11:21.078[0;39m [31m[][0;39m [32m[http-nio-9999-exec-1][0;39m [34mINFO [0;39m [1;35morg.springframework.web.servlet.DispatcherServlet[0;39m - Initializing Servlet 'dispatcherServlet'
[34m2022-10-17 22:11:21.081[0;39m [31m[][0;39m [32m[http-nio-9999-exec-1][0;39m [34mINFO [0;39m [1;35morg.springframework.web.servlet.DispatcherServlet[0;39m - Completed initialization in 3 ms
[34m2022-10-17 22:11:21.525[0;39m [31m[718f2525-4df8-4d01-9c35-60e5976a5008][0;39m [32m[http-nio-9999-exec-1][0;39m [31mWARN [0;39m [1;35mo.s.w.s.m.m.a.ExceptionHandlerExceptionResolver[0;39m - Resolved [java.lang.NullPointerException: Cannot invoke "edge.droid.server.model.Task.getTrainNum()" because "task" is null]
[34m2022-10-17 22:12:45.754[0;39m [31m[][0;39m [32m[SpringContextShutdownHook][0;39m [34mINFO [0;39m [1;35mo.s.scheduling.concurrent.ThreadPoolTaskExecutor[0;39m - Shutting down ExecutorService 'applicationTaskExecutor'
[34m2022-10-17 22:31:03.842[0;39m [31m[][0;39m [32m[restartedMain][0;39m [34mINFO [0;39m [1;35medge.droid.server.ServerApplication[0;39m - Starting ServerApplication using Java 17.0.1 on junjideMacBook-Pro.local with PID 61714 (/Users/junji/Deck/gateway/target/classes started by junji in /Users/junji/Deck/gateway)
[34m2022-10-17 22:31:03.843[0;39m [31m[][0;39m [32m[restartedMain][0;39m [34mINFO [0;39m [1;35medge.droid.server.ServerApplication[0;39m - No active profile set, falling back to default profiles: default
[34m2022-10-17 22:31:03.861[0;39m [31m[][0;39m [32m[restartedMain][0;39m [34mINFO [0;39m [1;35mo.s.boot.devtools.restart.ChangeableUrls[0;39m - The Class-Path manifest attribute in /Users/junji/.m2/repository/org/soot-oss/soot/4.2.1/soot-4.2.1.jar referenced one or more files that do not exist: file:/Users/junji/.m2/repository/org/soot-oss/soot/4.2.1/commons-io-2.6.jar,file:/Users/junji/.m2/repository/org/soot-oss/soot/4.2.1/dexlib2-2.4.0.jar,file:/Users/junji/.m2/repository/org/soot-oss/soot/4.2.1/jsr305-1.3.9.jar,file:/Users/junji/.m2/repository/org/soot-oss/soot/4.2.1/guava-27.1-android.jar,file:/Users/junji/.m2/repository/org/soot-oss/soot/4.2.1/failureaccess-1.0.1.jar,file:/Users/junji/.m2/repository/org/soot-oss/soot/4.2.1/listenablefuture-9999.0-empty-to-avoid-conflict-with-guava.jar,file:/Users/junji/.m2/repository/org/soot-oss/soot/4.2.1/checker-compat-qual-2.5.2.jar,file:/Users/junji/.m2/repository/org/soot-oss/soot/4.2.1/error_prone_annotations-2.2.0.jar,file:/Users/junji/.m2/repository/org/soot-oss/soot/4.2.1/j2objc-annotations-1.1.jar,file:/Users/junji/.m2/repository/org/soot-oss/soot/4.2.1/animal-sniffer-annotations-1.17.jar,file:/Users/junji/.m2/repository/org/soot-oss/soot/4.2.1/asm-8.0.1.jar,file:/Users/junji/.m2/repository/org/soot-oss/soot/4.2.1/asm-tree-8.0.1.jar,file:/Users/junji/.m2/repository/org/soot-oss/soot/4.2.1/asm-util-8.0.1.jar,file:/Users/junji/.m2/repository/org/soot-oss/soot/4.2.1/asm-analysis-8.0.1.jar,file:/Users/junji/.m2/repository/org/soot-oss/soot/4.2.1/asm-commons-8.0.1.jar,file:/Users/junji/.m2/repository/org/soot-oss/soot/4.2.1/xmlpull-1.1.3.4d_b4_min.jar,file:/Users/junji/.m2/repository/org/soot-oss/soot/4.2.1/axml-2.0.0.jar,file:/Users/junji/.m2/repository/org/soot-oss/soot/4.2.1/polyglot-2006.jar,file:/Users/junji/.m2/repository/org/soot-oss/soot/4.2.1/heros-1.2.2.jar,file:/Users/junji/.m2/repository/org/soot-oss/soot/4.2.1/functionaljava-4.2.jar,file:/Users/junji/.m2/repository/org/soot-oss/soot/4.2.1/jasmin-3.0.2.jar,file:/Users/junji/.m2/repository/org/soot-oss/soot/4.2.1/java_cup-0.9.2.jar,file:/Users/junji/.m2/repository/org/soot-oss/soot/4.2.1/slf4j-api-1.7.5.jar,file:/Users/junji/.m2/repository/org/soot-oss/soot/4.2.1/slf4j-simple-1.7.5.jar,file:/Users/junji/.m2/repository/org/soot-oss/soot/4.2.1/javax.annotation-api-1.3.2.jar,file:/Users/junji/.m2/repository/org/soot-oss/soot/4.2.1/jaxb-api-2.4.0-b180725.0427.jar,file:/Users/junji/.m2/repository/org/soot-oss/soot/4.2.1/javax.activation-api-1.2.0.jar,file:/Users/junji/.m2/repository/org/soot-oss/soot/4.2.1/jaxb-runtime-2.4.0-b180830.0438.jar,file:/Users/junji/.m2/repository/org/soot-oss/soot/4.2.1/txw2-2.4.0-b180830.0438.jar,file:/Users/junji/.m2/repository/org/soot-oss/soot/4.2.1/istack-commons-runtime-3.0.7.jar,file:/Users/junji/.m2/repository/org/soot-oss/soot/4.2.1/stax-ex-1.8.jar,file:/Users/junji/.m2/repository/org/soot-oss/soot/4.2.1/FastInfoset-1.2.15.jar
[34m2022-10-17 22:31:03.861[0;39m [31m[][0;39m [32m[restartedMain][0;39m [34mINFO [0;39m [1;35mo.s.b.d.env.DevToolsPropertyDefaultsPostProcessor[0;39m - Devtools property defaults active! Set 'spring.devtools.add-properties' to 'false' to disable
[34m2022-10-17 22:31:03.861[0;39m [31m[][0;39m [32m[restartedMain][0;39m [34mINFO [0;39m [1;35mo.s.b.d.env.DevToolsPropertyDefaultsPostProcessor[0;39m - For additional web related logging consider setting the 'logging.level.web' property to 'DEBUG'
[34m2022-10-17 22:31:04.080[0;39m [31m[][0;39m [32m[restartedMain][0;39m [34mINFO [0;39m [1;35mo.s.d.r.config.RepositoryConfigurationDelegate[0;39m - Multiple Spring Data modules found, entering strict repository configuration mode!
[34m2022-10-17 22:31:04.080[0;39m [31m[][0;39m [32m[restartedMain][0;39m [34mINFO [0;39m [1;35mo.s.d.r.config.RepositoryConfigurationDelegate[0;39m - Bootstrapping Spring Data Redis repositories in DEFAULT mode.
[34m2022-10-17 22:31:04.091[0;39m [31m[][0;39m [32m[restartedMain][0;39m [34mINFO [0;39m [1;35mo.s.d.r.config.RepositoryConfigurationDelegate[0;39m - Finished Spring Data repository scanning in 5 ms. Found 0 Redis repository interfaces.
[34m2022-10-17 22:31:04.347[0;39m [31m[][0;39m [32m[restartedMain][0;39m [34mINFO [0;39m [1;35mo.s.boot.web.embedded.tomcat.TomcatWebServer[0;39m - Tomcat initialized with port(s): 9999 (http)
[34m2022-10-17 22:31:04.351[0;39m [31m[][0;39m [32m[restartedMain][0;39m [34mINFO [0;39m [1;35morg.apache.coyote.http11.Http11NioProtocol[0;39m - Initializing ProtocolHandler ["http-nio-9999"]
[34m2022-10-17 22:31:04.351[0;39m [31m[][0;39m [32m[restartedMain][0;39m [34mINFO [0;39m [1;35morg.apache.catalina.core.StandardService[0;39m - Starting service [Tomcat]
[34m2022-10-17 22:31:04.351[0;39m [31m[][0;39m [32m[restartedMain][0;39m [34mINFO [0;39m [1;35morg.apache.catalina.core.StandardEngine[0;39m - Starting Servlet engine: [Apache Tomcat/9.0.45]
[34m2022-10-17 22:31:04.379[0;39m [31m[][0;39m [32m[restartedMain][0;39m [34mINFO [0;39m [1;35mo.a.c.core.ContainerBase.[Tomcat].[localhost].[/][0;39m - Initializing Spring embedded WebApplicationContext
[34m2022-10-17 22:31:04.379[0;39m [31m[][0;39m [32m[restartedMain][0;39m [34mINFO [0;39m [1;35mo.s.b.w.s.c.ServletWebServerApplicationContext[0;39m - Root WebApplicationContext: initialization completed in 518 ms
[34m2022-10-17 22:31:04.614[0;39m [31m[][0;39m [32m[restartedMain][0;39m [34mINFO [0;39m [1;35mo.s.scheduling.concurrent.ThreadPoolTaskExecutor[0;39m - Initializing ExecutorService 'applicationTaskExecutor'
[34m2022-10-17 22:31:04.757[0;39m [31m[][0;39m [32m[restartedMain][0;39m [34mINFO [0;39m [1;35mo.s.b.d.autoconfigure.OptionalLiveReloadServer[0;39m - LiveReload server is running on port 35729
[34m2022-10-17 22:31:04.768[0;39m [31m[][0;39m [32m[restartedMain][0;39m [34mINFO [0;39m [1;35morg.apache.coyote.http11.Http11NioProtocol[0;39m - Starting ProtocolHandler ["http-nio-9999"]
[34m2022-10-17 22:31:04.774[0;39m [31m[][0;39m [32m[restartedMain][0;39m [34mINFO [0;39m [1;35mo.s.boot.web.embedded.tomcat.TomcatWebServer[0;39m - Tomcat started on port(s): 9999 (http) with context path ''
[34m2022-10-17 22:31:04.779[0;39m [31m[][0;39m [32m[restartedMain][0;39m [34mINFO [0;39m [1;35medge.droid.server.ServerApplication[0;39m - Started ServerApplication in 1.062 seconds (JVM running for 1.488)
[34m2022-10-17 22:31:13.663[0;39m [31m[][0;39m [32m[http-nio-9999-exec-1][0;39m [34mINFO [0;39m [1;35mo.a.c.core.ContainerBase.[Tomcat].[localhost].[/][0;39m - Initializing Spring DispatcherServlet 'dispatcherServlet'
[34m2022-10-17 22:31:13.663[0;39m [31m[][0;39m [32m[http-nio-9999-exec-1][0;39m [34mINFO [0;39m [1;35morg.springframework.web.servlet.DispatcherServlet[0;39m - Initializing Servlet 'dispatcherServlet'
[34m2022-10-17 22:31:13.664[0;39m [31m[][0;39m [32m[http-nio-9999-exec-1][0;39m [34mINFO [0;39m [1;35morg.springframework.web.servlet.DispatcherServlet[0;39m - Completed initialization in 1 ms
[34m2022-10-17 22:31:13.685[0;39m [31m[0d02a38f-d1b6-41fb-b196-152b08322b53][0;39m [32m[http-nio-9999-exec-1][0;39m [34mINFO [0;39m [1;35medge.droid.server.controller.TaskController[0;39m - [createTask] description=SQLQuery, taskType=default, limitModelNum=0, train_num=0
[34m2022-10-17 22:31:13.817[0;39m [31m[0d02a38f-d1b6-41fb-b196-152b08322b53][0;39m [32m[http-nio-9999-exec-1][0;39m [1;31mERROR[0;39m [1;35medge.droid.server.service.impl.TaskServiceImpl[0;39m - [createTask] save class file error
java.io.IOException: java.io.FileNotFoundException: /private/var/folders/xv/v160f5v10nl986b8b4d9p1x00000gn/T/tomcat.9999.15879473230059087378/work/Tomcat/localhost/ROOT/./task/SQLQuery-1666017073689-task/dextest.class (No such file or directory)
	at org.apache.catalina.core.ApplicationPart.write(ApplicationPart.java:122)
	at org.springframework.web.multipart.support.StandardMultipartHttpServletRequest$StandardMultipartFile.transferTo(StandardMultipartHttpServletRequest.java:256)
	at edge.droid.server.utils.FileUtils.saveFile(FileUtils.java:20)
	at edge.droid.server.service.impl.TaskServiceImpl.createTask(TaskServiceImpl.java:102)
	at edge.droid.server.service.impl.TaskServiceImpl$$FastClassBySpringCGLIB$$aeb422c3.invoke(<generated>)
	at org.springframework.cglib.proxy.MethodProxy.invoke(MethodProxy.java:218)
	at org.springframework.aop.framework.CglibAopProxy$CglibMethodInvocation.invokeJoinpoint(CglibAopProxy.java:779)
	at org.springframework.aop.framework.ReflectiveMethodInvocation.proceed(ReflectiveMethodInvocation.java:163)
	at org.springframework.aop.framework.CglibAopProxy$CglibMethodInvocation.proceed(CglibAopProxy.java:750)
	at org.springframework.aop.interceptor.ExposeInvocationInterceptor.invoke(ExposeInvocationInterceptor.java:97)
	at org.springframework.aop.framework.ReflectiveMethodInvocation.proceed(ReflectiveMethodInvocation.java:186)
	at org.springframework.aop.framework.CglibAopProxy$CglibMethodInvocation.proceed(CglibAopProxy.java:750)
	at org.springframework.aop.framework.CglibAopProxy$DynamicAdvisedInterceptor.intercept(CglibAopProxy.java:692)
	at edge.droid.server.service.impl.TaskServiceImpl$$EnhancerBySpringCGLIB$$b6e6ecf8.createTask(<generated>)
	at edge.droid.server.controller.TaskController.createTask(TaskController.java:51)
	at java.base/jdk.internal.reflect.NativeMethodAccessorImpl.invoke0(Native Method)
	at java.base/jdk.internal.reflect.NativeMethodAccessorImpl.invoke(NativeMethodAccessorImpl.java:77)
	at java.base/jdk.internal.reflect.DelegatingMethodAccessorImpl.invoke(DelegatingMethodAccessorImpl.java:43)
	at java.base/java.lang.reflect.Method.invoke(Method.java:568)
	at org.springframework.web.method.support.InvocableHandlerMethod.doInvoke(InvocableHandlerMethod.java:197)
	at org.springframework.web.method.support.InvocableHandlerMethod.invokeForRequest(InvocableHandlerMethod.java:141)
	at org.springframework.web.servlet.mvc.method.annotation.ServletInvocableHandlerMethod.invokeAndHandle(ServletInvocableHandlerMethod.java:106)
	at org.springframework.web.servlet.mvc.method.annotation.RequestMappingHandlerAdapter.invokeHandlerMethod(RequestMappingHandlerAdapter.java:894)
	at org.springframework.web.servlet.mvc.method.annotation.RequestMappingHandlerAdapter.handleInternal(RequestMappingHandlerAdapter.java:808)
	at org.springframework.web.servlet.mvc.method.AbstractHandlerMethodAdapter.handle(AbstractHandlerMethodAdapter.java:87)
	at org.springframework.web.servlet.DispatcherServlet.doDispatch(DispatcherServlet.java:1060)
	at org.springframework.web.servlet.DispatcherServlet.doService(DispatcherServlet.java:962)
	at org.springframework.web.servlet.FrameworkServlet.processRequest(FrameworkServlet.java:1006)
	at org.springframework.web.servlet.FrameworkServlet.doPost(FrameworkServlet.java:909)
	at javax.servlet.http.HttpServlet.service(HttpServlet.java:652)
	at org.springframework.web.servlet.FrameworkServlet.service(FrameworkServlet.java:883)
	at javax.servlet.http.HttpServlet.service(HttpServlet.java:733)
	at org.apache.catalina.core.ApplicationFilterChain.internalDoFilter(ApplicationFilterChain.java:227)
	at org.apache.catalina.core.ApplicationFilterChain.doFilter(ApplicationFilterChain.java:162)
	at org.apache.tomcat.websocket.server.WsFilter.doFilter(WsFilter.java:53)
	at org.apache.catalina.core.ApplicationFilterChain.internalDoFilter(ApplicationFilterChain.java:189)
	at org.apache.catalina.core.ApplicationFilterChain.doFilter(ApplicationFilterChain.java:162)
	at edge.droid.server.filter.TraceIdFilter.doFilter(TraceIdFilter.java:25)
	at org.apache.catalina.core.ApplicationFilterChain.internalDoFilter(ApplicationFilterChain.java:189)
	at org.apache.catalina.core.ApplicationFilterChain.doFilter(ApplicationFilterChain.java:162)
	at org.springframework.web.filter.RequestContextFilter.doFilterInternal(RequestContextFilter.java:100)
	at org.springframework.web.filter.OncePerRequestFilter.doFilter(OncePerRequestFilter.java:119)
	at org.apache.catalina.core.ApplicationFilterChain.internalDoFilter(ApplicationFilterChain.java:189)
	at org.apache.catalina.core.ApplicationFilterChain.doFilter(ApplicationFilterChain.java:162)
	at org.springframework.web.filter.FormContentFilter.doFilterInternal(FormContentFilter.java:93)
	at org.springframework.web.filter.OncePerRequestFilter.doFilter(OncePerRequestFilter.java:119)
	at org.apache.catalina.core.ApplicationFilterChain.internalDoFilter(ApplicationFilterChain.java:189)
	at org.apache.catalina.core.ApplicationFilterChain.doFilter(ApplicationFilterChain.java:162)
	at org.springframework.web.filter.CharacterEncodingFilter.doFilterInternal(CharacterEncodingFilter.java:201)
	at org.springframework.web.filter.OncePerRequestFilter.doFilter(OncePerRequestFilter.java:119)
	at org.apache.catalina.core.ApplicationFilterChain.internalDoFilter(ApplicationFilterChain.java:189)
	at org.apache.catalina.core.ApplicationFilterChain.doFilter(ApplicationFilterChain.java:162)
	at org.apache.catalina.core.StandardWrapperValve.invoke(StandardWrapperValve.java:202)
	at org.apache.catalina.core.StandardContextValve.invoke(StandardContextValve.java:97)
	at org.apache.catalina.authenticator.AuthenticatorBase.invoke(AuthenticatorBase.java:542)
	at org.apache.catalina.core.StandardHostValve.invoke(StandardHostValve.java:143)
	at org.apache.catalina.valves.ErrorReportValve.invoke(ErrorReportValve.java:92)
	at org.apache.catalina.core.StandardEngineValve.invoke(StandardEngineValve.java:78)
	at org.apache.catalina.connector.CoyoteAdapter.service(CoyoteAdapter.java:357)
	at org.apache.coyote.http11.Http11Processor.service(Http11Processor.java:374)
	at org.apache.coyote.AbstractProcessorLight.process(AbstractProcessorLight.java:65)
	at org.apache.coyote.AbstractProtocol$ConnectionHandler.process(AbstractProtocol.java:893)
	at org.apache.tomcat.util.net.NioEndpoint$SocketProcessor.doRun(NioEndpoint.java:1707)
	at org.apache.tomcat.util.net.SocketProcessorBase.run(SocketProcessorBase.java:49)
	at java.base/java.util.concurrent.ThreadPoolExecutor.runWorker(ThreadPoolExecutor.java:1136)
	at java.base/java.util.concurrent.ThreadPoolExecutor$Worker.run(ThreadPoolExecutor.java:635)
	at org.apache.tomcat.util.threads.TaskThread$WrappingRunnable.run(TaskThread.java:61)
	at java.base/java.lang.Thread.run(Thread.java:833)
Caused by: java.io.FileNotFoundException: /private/var/folders/xv/v160f5v10nl986b8b4d9p1x00000gn/T/tomcat.9999.15879473230059087378/work/Tomcat/localhost/ROOT/./task/SQLQuery-1666017073689-task/dextest.class (No such file or directory)
	at java.base/java.io.FileOutputStream.open0(Native Method)
	at java.base/java.io.FileOutputStream.open(FileOutputStream.java:293)
	at java.base/java.io.FileOutputStream.<init>(FileOutputStream.java:235)
	at java.base/java.io.FileOutputStream.<init>(FileOutputStream.java:184)
	at org.apache.tomcat.util.http.fileupload.disk.DiskFileItem.write(DiskFileItem.java:406)
	at org.apache.catalina.core.ApplicationPart.write(ApplicationPart.java:120)
	... 67 common frames omitted
[34m2022-10-17 22:31:13.838[0;39m [31m[0d02a38f-d1b6-41fb-b196-152b08322b53][0;39m [32m[http-nio-9999-exec-1][0;39m [31mWARN [0;39m [1;35mo.s.w.s.m.m.a.ExceptionHandlerExceptionResolver[0;39m - Resolved [java.lang.RuntimeException: save class file error]
[34m2022-10-17 22:31:43.251[0;39m [31m[][0;39m [32m[SpringContextShutdownHook][0;39m [34mINFO [0;39m [1;35mo.s.scheduling.concurrent.ThreadPoolTaskExecutor[0;39m - Shutting down ExecutorService 'applicationTaskExecutor'
